<?xml version="1.0" encoding="UTF-8"?>
<!-- Generated by org.testng.reporters.JUnitReportReporter -->
<testsuite hostname="LAPTOP-2S13CC9O" failures="0" tests="1" name="com.Mystore.Runner.TestRunner" time="0.394" errors="0" timestamp="2024-08-04T18:29:06 IST" skipped="0">
  <testcase classname="com.Mystore.Runner.TestRunner" name="runScenario" time="0.394"/>
</testsuite> <!-- com.Mystore.Runner.TestRunner -->
