<?xml version="1.0" encoding="UTF-8"?>
<!-- Generated by org.testng.reporters.JUnitReportReporter -->
<testsuite hostname="LAPTOP-2S13CC9O" failures="0" tests="1" name="com.Mystore.Runner.TestRunner" time="0.143" errors="0" timestamp="2024-08-02T20:22:04 IST" skipped="0">
  <testcase classname="com.Mystore.Runner.TestRunner" name="runScenario" time="0.143"/>
</testsuite> <!-- com.Mystore.Runner.TestRunner -->
